C:\Program Files (x86)\Microsoft Visual Studio\2017\Community\Common7\IDE\VC\VCTargets\Microsoft.CppBuild.targets(387,5): warning MSB8028: The intermediate directory (x64\Release\) contains files shared from another project (ThreatMonitor.vcxproj).  This can lead to incorrect clean and rebuild behavior.
  APTIDS.cpp
  GetSystemInfo.cpp
GetSystemInfo.cpp(29): warning C4551: function call missing argument list
GetSystemInfo.cpp(33): warning C4551: function call missing argument list
GetSystemInfo.cpp(50): warning C4267: 'argument': conversion from 'size_t' to 'DWORD', possible loss of data
GetSystemInfo.cpp(55): warning C4267: 'argument': conversion from 'size_t' to 'DWORD', possible loss of data
GetSystemInfo.cpp(60): warning C4267: 'argument': conversion from 'size_t' to 'DWORD', possible loss of data
  Logging.cpp
Logging.cpp(65): warning C4267: 'initializing': conversion from 'size_t' to 'DWORD', possible loss of data
  Networking.cpp
Networking.cpp(95): warning C4244: '=': conversion from 'DWORD' to 'USHORT', possible loss of data
Networking.cpp(108): warning C4267: 'argument': conversion from 'size_t' to 'int', possible loss of data
Networking.cpp(110): warning C4267: 'argument': conversion from 'size_t' to 'int', possible loss of data
Networking.cpp(131): warning C4244: '=': conversion from 'DWORD' to 'USHORT', possible loss of data
  RegMonitor.cpp
RegMonitor.cpp(187): warning C4554: '|': check operator precedence for possible error; use parentheses to clarify precedence
RegMonitor.cpp(236): warning C4018: '<': signed/unsigned mismatch
  RegQuery.cpp
RegQuery.cpp(94): warning C4267: 'argument': conversion from 'size_t' to 'int', possible loss of data
RegQuery.cpp(100): warning C4018: '>': signed/unsigned mismatch
RegQuery.cpp(110): warning C4018: '<': signed/unsigned mismatch
RegQuery.cpp(177): warning C4018: '>': signed/unsigned mismatch
RegQuery.cpp(192): warning C4018: '<': signed/unsigned mismatch
RegQuery.cpp(224): warning C4018: '>': signed/unsigned mismatch
RegQuery.cpp(216): warning C4477: 'wprintf' : format string '%s' requires an argument of type 'wchar_t *', but variadic argument 1 has type 'BYTE *'
  RegQuery.cpp(216): note: consider using '%hs' in the format string
  RegQuery.cpp(216): note: consider using '%Ts' in the format string
  RegQuery.cpp(216): note: this warning is based on non-standard semantics used by Visual C++
  SvcChangeNotify.cpp
C:\Program Files (x86)\Windows Kits\10\Include\10.0.15063.0\shared\ntstatus.h(66): warning C4005: 'STATUS_WAIT_0': macro redefinition
  C:\Program Files (x86)\Windows Kits\10\Include\10.0.15063.0\um\winnt.h(2337): note: see previous definition of 'STATUS_WAIT_0'
C:\Program Files (x86)\Windows Kits\10\Include\10.0.15063.0\shared\ntstatus.h(219): warning C4005: 'STATUS_ABANDONED_WAIT_0': macro redefinition
  C:\Program Files (x86)\Windows Kits\10\Include\10.0.15063.0\um\winnt.h(2338): note: see previous definition of 'STATUS_ABANDONED_WAIT_0'
C:\Program Files (x86)\Windows Kits\10\Include\10.0.15063.0\shared\ntstatus.h(242): warning C4005: 'STATUS_USER_APC': macro redefinition
  C:\Program Files (x86)\Windows Kits\10\Include\10.0.15063.0\um\winnt.h(2339): note: see previous definition of 'STATUS_USER_APC'
C:\Program Files (x86)\Windows Kits\10\Include\10.0.15063.0\shared\ntstatus.h(278): warning C4005: 'STATUS_TIMEOUT': macro redefinition
  C:\Program Files (x86)\Windows Kits\10\Include\10.0.15063.0\um\winnt.h(2340): note: see previous definition of 'STATUS_TIMEOUT'
C:\Program Files (x86)\Windows Kits\10\Include\10.0.15063.0\shared\ntstatus.h(287): warning C4005: 'STATUS_PENDING': macro redefinition
  C:\Program Files (x86)\Windows Kits\10\Include\10.0.15063.0\um\winnt.h(2341): note: see previous definition of 'STATUS_PENDING'
C:\Program Files (x86)\Windows Kits\10\Include\10.0.15063.0\shared\ntstatus.h(725): warning C4005: 'DBG_EXCEPTION_HANDLED': macro redefinition
  C:\Program Files (x86)\Windows Kits\10\Include\10.0.15063.0\um\winnt.h(2342): note: see previous definition of 'DBG_EXCEPTION_HANDLED'
C:\Program Files (x86)\Windows Kits\10\Include\10.0.15063.0\shared\ntstatus.h(734): warning C4005: 'DBG_CONTINUE': macro redefinition
  C:\Program Files (x86)\Windows Kits\10\Include\10.0.15063.0\um\winnt.h(2343): note: see previous definition of 'DBG_CONTINUE'
C:\Program Files (x86)\Windows Kits\10\Include\10.0.15063.0\shared\ntstatus.h(809): warning C4005: 'STATUS_SEGMENT_NOTIFICATION': macro redefinition
  C:\Program Files (x86)\Windows Kits\10\Include\10.0.15063.0\um\winnt.h(2344): note: see previous definition of 'STATUS_SEGMENT_NOTIFICATION'
C:\Program Files (x86)\Windows Kits\10\Include\10.0.15063.0\shared\ntstatus.h(972): warning C4005: 'STATUS_FATAL_APP_EXIT': macro redefinition
  C:\Program Files (x86)\Windows Kits\10\Include\10.0.15063.0\um\winnt.h(2345): note: see previous definition of 'STATUS_FATAL_APP_EXIT'
C:\Program Files (x86)\Windows Kits\10\Include\10.0.15063.0\shared\ntstatus.h(1283): warning C4005: 'DBG_REPLY_LATER': macro redefinition
  C:\Program Files (x86)\Windows Kits\10\Include\10.0.15063.0\um\winnt.h(2346): note: see previous definition of 'DBG_REPLY_LATER'
C:\Program Files (x86)\Windows Kits\10\Include\10.0.15063.0\shared\ntstatus.h(1301): warning C4005: 'DBG_TERMINATE_THREAD': macro redefinition
  C:\Program Files (x86)\Windows Kits\10\Include\10.0.15063.0\um\winnt.h(2347): note: see previous definition of 'DBG_TERMINATE_THREAD'
C:\Program Files (x86)\Windows Kits\10\Include\10.0.15063.0\shared\ntstatus.h(1310): warning C4005: 'DBG_TERMINATE_PROCESS': macro redefinition
  C:\Program Files (x86)\Windows Kits\10\Include\10.0.15063.0\um\winnt.h(2348): note: see previous definition of 'DBG_TERMINATE_PROCESS'
C:\Program Files (x86)\Windows Kits\10\Include\10.0.15063.0\shared\ntstatus.h(1319): warning C4005: 'DBG_CONTROL_C': macro redefinition
  C:\Program Files (x86)\Windows Kits\10\Include\10.0.15063.0\um\winnt.h(2349): note: see previous definition of 'DBG_CONTROL_C'
C:\Program Files (x86)\Windows Kits\10\Include\10.0.15063.0\shared\ntstatus.h(1328): warning C4005: 'DBG_PRINTEXCEPTION_C': macro redefinition
  C:\Program Files (x86)\Windows Kits\10\Include\10.0.15063.0\um\winnt.h(2350): note: see previous definition of 'DBG_PRINTEXCEPTION_C'
C:\Program Files (x86)\Windows Kits\10\Include\10.0.15063.0\shared\ntstatus.h(1337): warning C4005: 'DBG_RIPEXCEPTION': macro redefinition
  C:\Program Files (x86)\Windows Kits\10\Include\10.0.15063.0\um\winnt.h(2351): note: see previous definition of 'DBG_RIPEXCEPTION'
C:\Program Files (x86)\Windows Kits\10\Include\10.0.15063.0\shared\ntstatus.h(1346): warning C4005: 'DBG_CONTROL_BREAK': macro redefinition
  C:\Program Files (x86)\Windows Kits\10\Include\10.0.15063.0\um\winnt.h(2352): note: see previous definition of 'DBG_CONTROL_BREAK'
C:\Program Files (x86)\Windows Kits\10\Include\10.0.15063.0\shared\ntstatus.h(1355): warning C4005: 'DBG_COMMAND_EXCEPTION': macro redefinition
  C:\Program Files (x86)\Windows Kits\10\Include\10.0.15063.0\um\winnt.h(2353): note: see previous definition of 'DBG_COMMAND_EXCEPTION'
C:\Program Files (x86)\Windows Kits\10\Include\10.0.15063.0\shared\ntstatus.h(1364): warning C4005: 'DBG_PRINTEXCEPTION_WIDE_C': macro redefinition
  C:\Program Files (x86)\Windows Kits\10\Include\10.0.15063.0\um\winnt.h(2354): note: see previous definition of 'DBG_PRINTEXCEPTION_WIDE_C'
C:\Program Files (x86)\Windows Kits\10\Include\10.0.15063.0\shared\ntstatus.h(1396): warning C4005: 'STATUS_GUARD_PAGE_VIOLATION': macro redefinition
  C:\Program Files (x86)\Windows Kits\10\Include\10.0.15063.0\um\winnt.h(2355): note: see previous definition of 'STATUS_GUARD_PAGE_VIOLATION'
C:\Program Files (x86)\Windows Kits\10\Include\10.0.15063.0\shared\ntstatus.h(1407): warning C4005: 'STATUS_DATATYPE_MISALIGNMENT': macro redefinition
  C:\Program Files (x86)\Windows Kits\10\Include\10.0.15063.0\um\winnt.h(2356): note: see previous definition of 'STATUS_DATATYPE_MISALIGNMENT'
C:\Program Files (x86)\Windows Kits\10\Include\10.0.15063.0\shared\ntstatus.h(1418): warning C4005: 'STATUS_BREAKPOINT': macro redefinition
  C:\Program Files (x86)\Windows Kits\10\Include\10.0.15063.0\um\winnt.h(2357): note: see previous definition of 'STATUS_BREAKPOINT'
C:\Program Files (x86)\Windows Kits\10\Include\10.0.15063.0\shared\ntstatus.h(1429): warning C4005: 'STATUS_SINGLE_STEP': macro redefinition
  C:\Program Files (x86)\Windows Kits\10\Include\10.0.15063.0\um\winnt.h(2358): note: see previous definition of 'STATUS_SINGLE_STEP'
C:\Program Files (x86)\Windows Kits\10\Include\10.0.15063.0\shared\ntstatus.h(1732): warning C4005: 'STATUS_LONGJUMP': macro redefinition
  C:\Program Files (x86)\Windows Kits\10\Include\10.0.15063.0\um\winnt.h(2359): note: see previous definition of 'STATUS_LONGJUMP'
C:\Program Files (x86)\Windows Kits\10\Include\10.0.15063.0\shared\ntstatus.h(1759): warning C4005: 'STATUS_UNWIND_CONSOLIDATE': macro redefinition
  C:\Program Files (x86)\Windows Kits\10\Include\10.0.15063.0\um\winnt.h(2360): note: see previous definition of 'STATUS_UNWIND_CONSOLIDATE'
C:\Program Files (x86)\Windows Kits\10\Include\10.0.15063.0\shared\ntstatus.h(1854): warning C4005: 'DBG_EXCEPTION_NOT_HANDLED': macro redefinition
  C:\Program Files (x86)\Windows Kits\10\Include\10.0.15063.0\um\winnt.h(2361): note: see previous definition of 'DBG_EXCEPTION_NOT_HANDLED'
C:\Program Files (x86)\Windows Kits\10\Include\10.0.15063.0\shared\ntstatus.h(1995): warning C4005: 'STATUS_ACCESS_VIOLATION': macro redefinition
  C:\Program Files (x86)\Windows Kits\10\Include\10.0.15063.0\um\winnt.h(2362): note: see previous definition of 'STATUS_ACCESS_VIOLATION'
C:\Program Files (x86)\Windows Kits\10\Include\10.0.15063.0\shared\ntstatus.h(2004): warning C4005: 'STATUS_IN_PAGE_ERROR': macro redefinition
  C:\Program Files (x86)\Windows Kits\10\Include\10.0.15063.0\um\winnt.h(2363): note: see previous definition of 'STATUS_IN_PAGE_ERROR'
C:\Program Files (x86)\Windows Kits\10\Include\10.0.15063.0\shared\ntstatus.h(2022): warning C4005: 'STATUS_INVALID_HANDLE': macro redefinition
  C:\Program Files (x86)\Windows Kits\10\Include\10.0.15063.0\um\winnt.h(2364): note: see previous definition of 'STATUS_INVALID_HANDLE'
C:\Program Files (x86)\Windows Kits\10\Include\10.0.15063.0\shared\ntstatus.h(2067): warning C4005: 'STATUS_INVALID_PARAMETER': macro redefinition
  C:\Program Files (x86)\Windows Kits\10\Include\10.0.15063.0\um\winnt.h(2365): note: see previous definition of 'STATUS_INVALID_PARAMETER'
C:\Program Files (x86)\Windows Kits\10\Include\10.0.15063.0\shared\ntstatus.h(2167): warning C4005: 'STATUS_NO_MEMORY': macro redefinition
  C:\Program Files (x86)\Windows Kits\10\Include\10.0.15063.0\um\winnt.h(2366): note: see previous definition of 'STATUS_NO_MEMORY'
C:\Program Files (x86)\Windows Kits\10\Include\10.0.15063.0\shared\ntstatus.h(2224): warning C4005: 'STATUS_ILLEGAL_INSTRUCTION': macro redefinition
  C:\Program Files (x86)\Windows Kits\10\Include\10.0.15063.0\um\winnt.h(2367): note: see previous definition of 'STATUS_ILLEGAL_INSTRUCTION'
C:\Program Files (x86)\Windows Kits\10\Include\10.0.15063.0\shared\ntstatus.h(2305): warning C4005: 'STATUS_NONCONTINUABLE_EXCEPTION': macro redefinition
  C:\Program Files (x86)\Windows Kits\10\Include\10.0.15063.0\um\winnt.h(2368): note: see previous definition of 'STATUS_NONCONTINUABLE_EXCEPTION'
C:\Program Files (x86)\Windows Kits\10\Include\10.0.15063.0\shared\ntstatus.h(2314): warning C4005: 'STATUS_INVALID_DISPOSITION': macro redefinition
  C:\Program Files (x86)\Windows Kits\10\Include\10.0.15063.0\um\winnt.h(2369): note: see previous definition of 'STATUS_INVALID_DISPOSITION'
C:\Program Files (x86)\Windows Kits\10\Include\10.0.15063.0\shared\ntstatus.h(3247): warning C4005: 'STATUS_ARRAY_BOUNDS_EXCEEDED': macro redefinition
  C:\Program Files (x86)\Windows Kits\10\Include\10.0.15063.0\um\winnt.h(2370): note: see previous definition of 'STATUS_ARRAY_BOUNDS_EXCEEDED'
C:\Program Files (x86)\Windows Kits\10\Include\10.0.15063.0\shared\ntstatus.h(3257): warning C4005: 'STATUS_FLOAT_DENORMAL_OPERAND': macro redefinition
  C:\Program Files (x86)\Windows Kits\10\Include\10.0.15063.0\um\winnt.h(2371): note: see previous definition of 'STATUS_FLOAT_DENORMAL_OPERAND'
C:\Program Files (x86)\Windows Kits\10\Include\10.0.15063.0\shared\ntstatus.h(3267): warning C4005: 'STATUS_FLOAT_DIVIDE_BY_ZERO': macro redefinition
  C:\Program Files (x86)\Windows Kits\10\Include\10.0.15063.0\um\winnt.h(2372): note: see previous definition of 'STATUS_FLOAT_DIVIDE_BY_ZERO'
C:\Program Files (x86)\Windows Kits\10\Include\10.0.15063.0\shared\ntstatus.h(3277): warning C4005: 'STATUS_FLOAT_INEXACT_RESULT': macro redefinition
  C:\Program Files (x86)\Windows Kits\10\Include\10.0.15063.0\um\winnt.h(2373): note: see previous definition of 'STATUS_FLOAT_INEXACT_RESULT'
C:\Program Files (x86)\Windows Kits\10\Include\10.0.15063.0\shared\ntstatus.h(3287): warning C4005: 'STATUS_FLOAT_INVALID_OPERATION': macro redefinition
  C:\Program Files (x86)\Windows Kits\10\Include\10.0.15063.0\um\winnt.h(2374): note: see previous definition of 'STATUS_FLOAT_INVALID_OPERATION'
C:\Program Files (x86)\Windows Kits\10\Include\10.0.15063.0\shared\ntstatus.h(3297): warning C4005: 'STATUS_FLOAT_OVERFLOW': macro redefinition
  C:\Program Files (x86)\Windows Kits\10\Include\10.0.15063.0\um\winnt.h(2375): note: see previous definition of 'STATUS_FLOAT_OVERFLOW'
C:\Program Files (x86)\Windows Kits\10\Include\10.0.15063.0\shared\ntstatus.h(3307): warning C4005: 'STATUS_FLOAT_STACK_CHECK': macro redefinition
  C:\Program Files (x86)\Windows Kits\10\Include\10.0.15063.0\um\winnt.h(2376): note: see previous definition of 'STATUS_FLOAT_STACK_CHECK'
C:\Program Files (x86)\Windows Kits\10\Include\10.0.15063.0\shared\ntstatus.h(3317): warning C4005: 'STATUS_FLOAT_UNDERFLOW': macro redefinition
  C:\Program Files (x86)\Windows Kits\10\Include\10.0.15063.0\um\winnt.h(2377): note: see previous definition of 'STATUS_FLOAT_UNDERFLOW'
C:\Program Files (x86)\Windows Kits\10\Include\10.0.15063.0\shared\ntstatus.h(3327): warning C4005: 'STATUS_INTEGER_DIVIDE_BY_ZERO': macro redefinition
  C:\Program Files (x86)\Windows Kits\10\Include\10.0.15063.0\um\winnt.h(2378): note: see previous definition of 'STATUS_INTEGER_DIVIDE_BY_ZERO'
C:\Program Files (x86)\Windows Kits\10\Include\10.0.15063.0\shared\ntstatus.h(3337): warning C4005: 'STATUS_INTEGER_OVERFLOW': macro redefinition
  C:\Program Files (x86)\Windows Kits\10\Include\10.0.15063.0\um\winnt.h(2379): note: see previous definition of 'STATUS_INTEGER_OVERFLOW'
C:\Program Files (x86)\Windows Kits\10\Include\10.0.15063.0\shared\ntstatus.h(3347): warning C4005: 'STATUS_PRIVILEGED_INSTRUCTION': macro redefinition
  C:\Program Files (x86)\Windows Kits\10\Include\10.0.15063.0\um\winnt.h(2380): note: see previous definition of 'STATUS_PRIVILEGED_INSTRUCTION'
C:\Program Files (x86)\Windows Kits\10\Include\10.0.15063.0\shared\ntstatus.h(4293): warning C4005: 'STATUS_STACK_OVERFLOW': macro redefinition
  C:\Program Files (x86)\Windows Kits\10\Include\10.0.15063.0\um\winnt.h(2381): note: see previous definition of 'STATUS_STACK_OVERFLOW'
C:\Program Files (x86)\Windows Kits\10\Include\10.0.15063.0\shared\ntstatus.h(4810): warning C4005: 'STATUS_DLL_NOT_FOUND': macro redefinition
  C:\Program Files (x86)\Windows Kits\10\Include\10.0.15063.0\um\winnt.h(2382): note: see previous definition of 'STATUS_DLL_NOT_FOUND'
C:\Program Files (x86)\Windows Kits\10\Include\10.0.15063.0\shared\ntstatus.h(4839): warning C4005: 'STATUS_ORDINAL_NOT_FOUND': macro redefinition
  C:\Program Files (x86)\Windows Kits\10\Include\10.0.15063.0\um\winnt.h(2383): note: see previous definition of 'STATUS_ORDINAL_NOT_FOUND'
C:\Program Files (x86)\Windows Kits\10\Include\10.0.15063.0\shared\ntstatus.h(4849): warning C4005: 'STATUS_ENTRYPOINT_NOT_FOUND': macro redefinition
  C:\Program Files (x86)\Windows Kits\10\Include\10.0.15063.0\um\winnt.h(2384): note: see previous definition of 'STATUS_ENTRYPOINT_NOT_FOUND'
C:\Program Files (x86)\Windows Kits\10\Include\10.0.15063.0\shared\ntstatus.h(4859): warning C4005: 'STATUS_CONTROL_C_EXIT': macro redefinition
  C:\Program Files (x86)\Windows Kits\10\Include\10.0.15063.0\um\winnt.h(2385): note: see previous definition of 'STATUS_CONTROL_C_EXIT'
C:\Program Files (x86)\Windows Kits\10\Include\10.0.15063.0\shared\ntstatus.h(4937): warning C4005: 'STATUS_DLL_INIT_FAILED': macro redefinition
  C:\Program Files (x86)\Windows Kits\10\Include\10.0.15063.0\um\winnt.h(2386): note: see previous definition of 'STATUS_DLL_INIT_FAILED'
C:\Program Files (x86)\Windows Kits\10\Include\10.0.15063.0\shared\ntstatus.h(7456): warning C4005: 'STATUS_FLOAT_MULTIPLE_FAULTS': macro redefinition
  C:\Program Files (x86)\Windows Kits\10\Include\10.0.15063.0\um\winnt.h(2387): note: see previous definition of 'STATUS_FLOAT_MULTIPLE_FAULTS'
C:\Program Files (x86)\Windows Kits\10\Include\10.0.15063.0\shared\ntstatus.h(7466): warning C4005: 'STATUS_FLOAT_MULTIPLE_TRAPS': macro redefinition
  C:\Program Files (x86)\Windows Kits\10\Include\10.0.15063.0\um\winnt.h(2388): note: see previous definition of 'STATUS_FLOAT_MULTIPLE_TRAPS'
C:\Program Files (x86)\Windows Kits\10\Include\10.0.15063.0\shared\ntstatus.h(7598): warning C4005: 'STATUS_REG_NAT_CONSUMPTION': macro redefinition
  C:\Program Files (x86)\Windows Kits\10\Include\10.0.15063.0\um\winnt.h(2389): note: see previous definition of 'STATUS_REG_NAT_CONSUMPTION'
C:\Program Files (x86)\Windows Kits\10\Include\10.0.15063.0\shared\ntstatus.h(8581): warning C4005: 'STATUS_HEAP_CORRUPTION': macro redefinition
  C:\Program Files (x86)\Windows Kits\10\Include\10.0.15063.0\um\winnt.h(2390): note: see previous definition of 'STATUS_HEAP_CORRUPTION'
C:\Program Files (x86)\Windows Kits\10\Include\10.0.15063.0\shared\ntstatus.h(8809): warning C4005: 'STATUS_STACK_BUFFER_OVERRUN': macro redefinition
  C:\Program Files (x86)\Windows Kits\10\Include\10.0.15063.0\um\winnt.h(2391): note: see previous definition of 'STATUS_STACK_BUFFER_OVERRUN'
C:\Program Files (x86)\Windows Kits\10\Include\10.0.15063.0\shared\ntstatus.h(8936): warning C4005: 'STATUS_INVALID_CRUNTIME_PARAMETER': macro redefinition
  C:\Program Files (x86)\Windows Kits\10\Include\10.0.15063.0\um\winnt.h(2392): note: see previous definition of 'STATUS_INVALID_CRUNTIME_PARAMETER'
C:\Program Files (x86)\Windows Kits\10\Include\10.0.15063.0\shared\ntstatus.h(8999): warning C4005: 'STATUS_ASSERTION_FAILURE': macro redefinition
  C:\Program Files (x86)\Windows Kits\10\Include\10.0.15063.0\um\winnt.h(2393): note: see previous definition of 'STATUS_ASSERTION_FAILURE'
C:\Program Files (x86)\Windows Kits\10\Include\10.0.15063.0\shared\ntstatus.h(13622): warning C4005: 'STATUS_SXS_EARLY_DEACTIVATION': macro redefinition
  C:\Program Files (x86)\Windows Kits\10\Include\10.0.15063.0\um\winnt.h(2395): note: see previous definition of 'STATUS_SXS_EARLY_DEACTIVATION'
C:\Program Files (x86)\Windows Kits\10\Include\10.0.15063.0\shared\ntstatus.h(13631): warning C4005: 'STATUS_SXS_INVALID_DEACTIVATION': macro redefinition
  C:\Program Files (x86)\Windows Kits\10\Include\10.0.15063.0\um\winnt.h(2396): note: see previous definition of 'STATUS_SXS_INVALID_DEACTIVATION'
SvcChangeNotify.cpp(17): warning C4091: 'typedef ': ignored on left of 'CALLBACK_CONTEXT' when no variable is declared
  Generating code
c:\users\hung\desktop\khoa luan\working\project\aptids\threatmonitor\networking.cpp(331): warning C4715: 'Networking': not all control paths return a value
  5 of 36 functions (13.9%) were compiled, the rest were copied from previous compilation.
    0 functions were new in current compilation
    2 functions had inline decision re-evaluated but remain unchanged
  Finished generating code
  ThreatMonitor.vcxproj -> C:\Users\Hung\Desktop\Khoa Luan\Working\Project\APTIDS\x64\Release\APTIDS.exe
  ThreatMonitor.vcxproj -> C:\Users\Hung\Desktop\Khoa Luan\Working\Project\APTIDS\x64\Release\APTIDS.pdb (Full PDB)
