  SvcChangeNotify.cpp
c:\program files (x86)\windows kits\10\include\10.0.15063.0\shared\ntstatus.h(66): warning C4005: 'STATUS_WAIT_0': macro redefinition
  c:\program files (x86)\windows kits\10\include\10.0.15063.0\um\winnt.h(2337): note: see previous definition of 'STATUS_WAIT_0'
c:\program files (x86)\windows kits\10\include\10.0.15063.0\shared\ntstatus.h(219): warning C4005: 'STATUS_ABANDONED_WAIT_0': macro redefinition
  c:\program files (x86)\windows kits\10\include\10.0.15063.0\um\winnt.h(2338): note: see previous definition of 'STATUS_ABANDONED_WAIT_0'
c:\program files (x86)\windows kits\10\include\10.0.15063.0\shared\ntstatus.h(242): warning C4005: 'STATUS_USER_APC': macro redefinition
  c:\program files (x86)\windows kits\10\include\10.0.15063.0\um\winnt.h(2339): note: see previous definition of 'STATUS_USER_APC'
c:\program files (x86)\windows kits\10\include\10.0.15063.0\shared\ntstatus.h(278): warning C4005: 'STATUS_TIMEOUT': macro redefinition
  c:\program files (x86)\windows kits\10\include\10.0.15063.0\um\winnt.h(2340): note: see previous definition of 'STATUS_TIMEOUT'
c:\program files (x86)\windows kits\10\include\10.0.15063.0\shared\ntstatus.h(287): warning C4005: 'STATUS_PENDING': macro redefinition
  c:\program files (x86)\windows kits\10\include\10.0.15063.0\um\winnt.h(2341): note: see previous definition of 'STATUS_PENDING'
c:\program files (x86)\windows kits\10\include\10.0.15063.0\shared\ntstatus.h(725): warning C4005: 'DBG_EXCEPTION_HANDLED': macro redefinition
  c:\program files (x86)\windows kits\10\include\10.0.15063.0\um\winnt.h(2342): note: see previous definition of 'DBG_EXCEPTION_HANDLED'
c:\program files (x86)\windows kits\10\include\10.0.15063.0\shared\ntstatus.h(734): warning C4005: 'DBG_CONTINUE': macro redefinition
  c:\program files (x86)\windows kits\10\include\10.0.15063.0\um\winnt.h(2343): note: see previous definition of 'DBG_CONTINUE'
c:\program files (x86)\windows kits\10\include\10.0.15063.0\shared\ntstatus.h(809): warning C4005: 'STATUS_SEGMENT_NOTIFICATION': macro redefinition
  c:\program files (x86)\windows kits\10\include\10.0.15063.0\um\winnt.h(2344): note: see previous definition of 'STATUS_SEGMENT_NOTIFICATION'
c:\program files (x86)\windows kits\10\include\10.0.15063.0\shared\ntstatus.h(972): warning C4005: 'STATUS_FATAL_APP_EXIT': macro redefinition
  c:\program files (x86)\windows kits\10\include\10.0.15063.0\um\winnt.h(2345): note: see previous definition of 'STATUS_FATAL_APP_EXIT'
c:\program files (x86)\windows kits\10\include\10.0.15063.0\shared\ntstatus.h(1283): warning C4005: 'DBG_REPLY_LATER': macro redefinition
  c:\program files (x86)\windows kits\10\include\10.0.15063.0\um\winnt.h(2346): note: see previous definition of 'DBG_REPLY_LATER'
c:\program files (x86)\windows kits\10\include\10.0.15063.0\shared\ntstatus.h(1301): warning C4005: 'DBG_TERMINATE_THREAD': macro redefinition
  c:\program files (x86)\windows kits\10\include\10.0.15063.0\um\winnt.h(2347): note: see previous definition of 'DBG_TERMINATE_THREAD'
c:\program files (x86)\windows kits\10\include\10.0.15063.0\shared\ntstatus.h(1310): warning C4005: 'DBG_TERMINATE_PROCESS': macro redefinition
  c:\program files (x86)\windows kits\10\include\10.0.15063.0\um\winnt.h(2348): note: see previous definition of 'DBG_TERMINATE_PROCESS'
c:\program files (x86)\windows kits\10\include\10.0.15063.0\shared\ntstatus.h(1319): warning C4005: 'DBG_CONTROL_C': macro redefinition
  c:\program files (x86)\windows kits\10\include\10.0.15063.0\um\winnt.h(2349): note: see previous definition of 'DBG_CONTROL_C'
c:\program files (x86)\windows kits\10\include\10.0.15063.0\shared\ntstatus.h(1328): warning C4005: 'DBG_PRINTEXCEPTION_C': macro redefinition
  c:\program files (x86)\windows kits\10\include\10.0.15063.0\um\winnt.h(2350): note: see previous definition of 'DBG_PRINTEXCEPTION_C'
c:\program files (x86)\windows kits\10\include\10.0.15063.0\shared\ntstatus.h(1337): warning C4005: 'DBG_RIPEXCEPTION': macro redefinition
  c:\program files (x86)\windows kits\10\include\10.0.15063.0\um\winnt.h(2351): note: see previous definition of 'DBG_RIPEXCEPTION'
c:\program files (x86)\windows kits\10\include\10.0.15063.0\shared\ntstatus.h(1346): warning C4005: 'DBG_CONTROL_BREAK': macro redefinition
  c:\program files (x86)\windows kits\10\include\10.0.15063.0\um\winnt.h(2352): note: see previous definition of 'DBG_CONTROL_BREAK'
c:\program files (x86)\windows kits\10\include\10.0.15063.0\shared\ntstatus.h(1355): warning C4005: 'DBG_COMMAND_EXCEPTION': macro redefinition
  c:\program files (x86)\windows kits\10\include\10.0.15063.0\um\winnt.h(2353): note: see previous definition of 'DBG_COMMAND_EXCEPTION'
c:\program files (x86)\windows kits\10\include\10.0.15063.0\shared\ntstatus.h(1364): warning C4005: 'DBG_PRINTEXCEPTION_WIDE_C': macro redefinition
  c:\program files (x86)\windows kits\10\include\10.0.15063.0\um\winnt.h(2354): note: see previous definition of 'DBG_PRINTEXCEPTION_WIDE_C'
c:\program files (x86)\windows kits\10\include\10.0.15063.0\shared\ntstatus.h(1396): warning C4005: 'STATUS_GUARD_PAGE_VIOLATION': macro redefinition
  c:\program files (x86)\windows kits\10\include\10.0.15063.0\um\winnt.h(2355): note: see previous definition of 'STATUS_GUARD_PAGE_VIOLATION'
c:\program files (x86)\windows kits\10\include\10.0.15063.0\shared\ntstatus.h(1407): warning C4005: 'STATUS_DATATYPE_MISALIGNMENT': macro redefinition
  c:\program files (x86)\windows kits\10\include\10.0.15063.0\um\winnt.h(2356): note: see previous definition of 'STATUS_DATATYPE_MISALIGNMENT'
c:\program files (x86)\windows kits\10\include\10.0.15063.0\shared\ntstatus.h(1418): warning C4005: 'STATUS_BREAKPOINT': macro redefinition
  c:\program files (x86)\windows kits\10\include\10.0.15063.0\um\winnt.h(2357): note: see previous definition of 'STATUS_BREAKPOINT'
c:\program files (x86)\windows kits\10\include\10.0.15063.0\shared\ntstatus.h(1429): warning C4005: 'STATUS_SINGLE_STEP': macro redefinition
  c:\program files (x86)\windows kits\10\include\10.0.15063.0\um\winnt.h(2358): note: see previous definition of 'STATUS_SINGLE_STEP'
c:\program files (x86)\windows kits\10\include\10.0.15063.0\shared\ntstatus.h(1732): warning C4005: 'STATUS_LONGJUMP': macro redefinition
  c:\program files (x86)\windows kits\10\include\10.0.15063.0\um\winnt.h(2359): note: see previous definition of 'STATUS_LONGJUMP'
c:\program files (x86)\windows kits\10\include\10.0.15063.0\shared\ntstatus.h(1759): warning C4005: 'STATUS_UNWIND_CONSOLIDATE': macro redefinition
  c:\program files (x86)\windows kits\10\include\10.0.15063.0\um\winnt.h(2360): note: see previous definition of 'STATUS_UNWIND_CONSOLIDATE'
c:\program files (x86)\windows kits\10\include\10.0.15063.0\shared\ntstatus.h(1854): warning C4005: 'DBG_EXCEPTION_NOT_HANDLED': macro redefinition
  c:\program files (x86)\windows kits\10\include\10.0.15063.0\um\winnt.h(2361): note: see previous definition of 'DBG_EXCEPTION_NOT_HANDLED'
c:\program files (x86)\windows kits\10\include\10.0.15063.0\shared\ntstatus.h(1995): warning C4005: 'STATUS_ACCESS_VIOLATION': macro redefinition
  c:\program files (x86)\windows kits\10\include\10.0.15063.0\um\winnt.h(2362): note: see previous definition of 'STATUS_ACCESS_VIOLATION'
c:\program files (x86)\windows kits\10\include\10.0.15063.0\shared\ntstatus.h(2004): warning C4005: 'STATUS_IN_PAGE_ERROR': macro redefinition
  c:\program files (x86)\windows kits\10\include\10.0.15063.0\um\winnt.h(2363): note: see previous definition of 'STATUS_IN_PAGE_ERROR'
c:\program files (x86)\windows kits\10\include\10.0.15063.0\shared\ntstatus.h(2022): warning C4005: 'STATUS_INVALID_HANDLE': macro redefinition
  c:\program files (x86)\windows kits\10\include\10.0.15063.0\um\winnt.h(2364): note: see previous definition of 'STATUS_INVALID_HANDLE'
c:\program files (x86)\windows kits\10\include\10.0.15063.0\shared\ntstatus.h(2067): warning C4005: 'STATUS_INVALID_PARAMETER': macro redefinition
  c:\program files (x86)\windows kits\10\include\10.0.15063.0\um\winnt.h(2365): note: see previous definition of 'STATUS_INVALID_PARAMETER'
c:\program files (x86)\windows kits\10\include\10.0.15063.0\shared\ntstatus.h(2167): warning C4005: 'STATUS_NO_MEMORY': macro redefinition
  c:\program files (x86)\windows kits\10\include\10.0.15063.0\um\winnt.h(2366): note: see previous definition of 'STATUS_NO_MEMORY'
c:\program files (x86)\windows kits\10\include\10.0.15063.0\shared\ntstatus.h(2224): warning C4005: 'STATUS_ILLEGAL_INSTRUCTION': macro redefinition
  c:\program files (x86)\windows kits\10\include\10.0.15063.0\um\winnt.h(2367): note: see previous definition of 'STATUS_ILLEGAL_INSTRUCTION'
c:\program files (x86)\windows kits\10\include\10.0.15063.0\shared\ntstatus.h(2305): warning C4005: 'STATUS_NONCONTINUABLE_EXCEPTION': macro redefinition
  c:\program files (x86)\windows kits\10\include\10.0.15063.0\um\winnt.h(2368): note: see previous definition of 'STATUS_NONCONTINUABLE_EXCEPTION'
c:\program files (x86)\windows kits\10\include\10.0.15063.0\shared\ntstatus.h(2314): warning C4005: 'STATUS_INVALID_DISPOSITION': macro redefinition
  c:\program files (x86)\windows kits\10\include\10.0.15063.0\um\winnt.h(2369): note: see previous definition of 'STATUS_INVALID_DISPOSITION'
c:\program files (x86)\windows kits\10\include\10.0.15063.0\shared\ntstatus.h(3247): warning C4005: 'STATUS_ARRAY_BOUNDS_EXCEEDED': macro redefinition
  c:\program files (x86)\windows kits\10\include\10.0.15063.0\um\winnt.h(2370): note: see previous definition of 'STATUS_ARRAY_BOUNDS_EXCEEDED'
c:\program files (x86)\windows kits\10\include\10.0.15063.0\shared\ntstatus.h(3257): warning C4005: 'STATUS_FLOAT_DENORMAL_OPERAND': macro redefinition
  c:\program files (x86)\windows kits\10\include\10.0.15063.0\um\winnt.h(2371): note: see previous definition of 'STATUS_FLOAT_DENORMAL_OPERAND'
c:\program files (x86)\windows kits\10\include\10.0.15063.0\shared\ntstatus.h(3267): warning C4005: 'STATUS_FLOAT_DIVIDE_BY_ZERO': macro redefinition
  c:\program files (x86)\windows kits\10\include\10.0.15063.0\um\winnt.h(2372): note: see previous definition of 'STATUS_FLOAT_DIVIDE_BY_ZERO'
c:\program files (x86)\windows kits\10\include\10.0.15063.0\shared\ntstatus.h(3277): warning C4005: 'STATUS_FLOAT_INEXACT_RESULT': macro redefinition
  c:\program files (x86)\windows kits\10\include\10.0.15063.0\um\winnt.h(2373): note: see previous definition of 'STATUS_FLOAT_INEXACT_RESULT'
c:\program files (x86)\windows kits\10\include\10.0.15063.0\shared\ntstatus.h(3287): warning C4005: 'STATUS_FLOAT_INVALID_OPERATION': macro redefinition
  c:\program files (x86)\windows kits\10\include\10.0.15063.0\um\winnt.h(2374): note: see previous definition of 'STATUS_FLOAT_INVALID_OPERATION'
c:\program files (x86)\windows kits\10\include\10.0.15063.0\shared\ntstatus.h(3297): warning C4005: 'STATUS_FLOAT_OVERFLOW': macro redefinition
  c:\program files (x86)\windows kits\10\include\10.0.15063.0\um\winnt.h(2375): note: see previous definition of 'STATUS_FLOAT_OVERFLOW'
c:\program files (x86)\windows kits\10\include\10.0.15063.0\shared\ntstatus.h(3307): warning C4005: 'STATUS_FLOAT_STACK_CHECK': macro redefinition
  c:\program files (x86)\windows kits\10\include\10.0.15063.0\um\winnt.h(2376): note: see previous definition of 'STATUS_FLOAT_STACK_CHECK'
c:\program files (x86)\windows kits\10\include\10.0.15063.0\shared\ntstatus.h(3317): warning C4005: 'STATUS_FLOAT_UNDERFLOW': macro redefinition
  c:\program files (x86)\windows kits\10\include\10.0.15063.0\um\winnt.h(2377): note: see previous definition of 'STATUS_FLOAT_UNDERFLOW'
c:\program files (x86)\windows kits\10\include\10.0.15063.0\shared\ntstatus.h(3327): warning C4005: 'STATUS_INTEGER_DIVIDE_BY_ZERO': macro redefinition
  c:\program files (x86)\windows kits\10\include\10.0.15063.0\um\winnt.h(2378): note: see previous definition of 'STATUS_INTEGER_DIVIDE_BY_ZERO'
c:\program files (x86)\windows kits\10\include\10.0.15063.0\shared\ntstatus.h(3337): warning C4005: 'STATUS_INTEGER_OVERFLOW': macro redefinition
  c:\program files (x86)\windows kits\10\include\10.0.15063.0\um\winnt.h(2379): note: see previous definition of 'STATUS_INTEGER_OVERFLOW'
c:\program files (x86)\windows kits\10\include\10.0.15063.0\shared\ntstatus.h(3347): warning C4005: 'STATUS_PRIVILEGED_INSTRUCTION': macro redefinition
  c:\program files (x86)\windows kits\10\include\10.0.15063.0\um\winnt.h(2380): note: see previous definition of 'STATUS_PRIVILEGED_INSTRUCTION'
c:\program files (x86)\windows kits\10\include\10.0.15063.0\shared\ntstatus.h(4293): warning C4005: 'STATUS_STACK_OVERFLOW': macro redefinition
  c:\program files (x86)\windows kits\10\include\10.0.15063.0\um\winnt.h(2381): note: see previous definition of 'STATUS_STACK_OVERFLOW'
c:\program files (x86)\windows kits\10\include\10.0.15063.0\shared\ntstatus.h(4810): warning C4005: 'STATUS_DLL_NOT_FOUND': macro redefinition
  c:\program files (x86)\windows kits\10\include\10.0.15063.0\um\winnt.h(2382): note: see previous definition of 'STATUS_DLL_NOT_FOUND'
c:\program files (x86)\windows kits\10\include\10.0.15063.0\shared\ntstatus.h(4839): warning C4005: 'STATUS_ORDINAL_NOT_FOUND': macro redefinition
  c:\program files (x86)\windows kits\10\include\10.0.15063.0\um\winnt.h(2383): note: see previous definition of 'STATUS_ORDINAL_NOT_FOUND'
c:\program files (x86)\windows kits\10\include\10.0.15063.0\shared\ntstatus.h(4849): warning C4005: 'STATUS_ENTRYPOINT_NOT_FOUND': macro redefinition
  c:\program files (x86)\windows kits\10\include\10.0.15063.0\um\winnt.h(2384): note: see previous definition of 'STATUS_ENTRYPOINT_NOT_FOUND'
c:\program files (x86)\windows kits\10\include\10.0.15063.0\shared\ntstatus.h(4859): warning C4005: 'STATUS_CONTROL_C_EXIT': macro redefinition
  c:\program files (x86)\windows kits\10\include\10.0.15063.0\um\winnt.h(2385): note: see previous definition of 'STATUS_CONTROL_C_EXIT'
c:\program files (x86)\windows kits\10\include\10.0.15063.0\shared\ntstatus.h(4937): warning C4005: 'STATUS_DLL_INIT_FAILED': macro redefinition
  c:\program files (x86)\windows kits\10\include\10.0.15063.0\um\winnt.h(2386): note: see previous definition of 'STATUS_DLL_INIT_FAILED'
c:\program files (x86)\windows kits\10\include\10.0.15063.0\shared\ntstatus.h(7456): warning C4005: 'STATUS_FLOAT_MULTIPLE_FAULTS': macro redefinition
  c:\program files (x86)\windows kits\10\include\10.0.15063.0\um\winnt.h(2387): note: see previous definition of 'STATUS_FLOAT_MULTIPLE_FAULTS'
c:\program files (x86)\windows kits\10\include\10.0.15063.0\shared\ntstatus.h(7466): warning C4005: 'STATUS_FLOAT_MULTIPLE_TRAPS': macro redefinition
  c:\program files (x86)\windows kits\10\include\10.0.15063.0\um\winnt.h(2388): note: see previous definition of 'STATUS_FLOAT_MULTIPLE_TRAPS'
c:\program files (x86)\windows kits\10\include\10.0.15063.0\shared\ntstatus.h(7598): warning C4005: 'STATUS_REG_NAT_CONSUMPTION': macro redefinition
  c:\program files (x86)\windows kits\10\include\10.0.15063.0\um\winnt.h(2389): note: see previous definition of 'STATUS_REG_NAT_CONSUMPTION'
c:\program files (x86)\windows kits\10\include\10.0.15063.0\shared\ntstatus.h(8581): warning C4005: 'STATUS_HEAP_CORRUPTION': macro redefinition
  c:\program files (x86)\windows kits\10\include\10.0.15063.0\um\winnt.h(2390): note: see previous definition of 'STATUS_HEAP_CORRUPTION'
c:\program files (x86)\windows kits\10\include\10.0.15063.0\shared\ntstatus.h(8809): warning C4005: 'STATUS_STACK_BUFFER_OVERRUN': macro redefinition
  c:\program files (x86)\windows kits\10\include\10.0.15063.0\um\winnt.h(2391): note: see previous definition of 'STATUS_STACK_BUFFER_OVERRUN'
c:\program files (x86)\windows kits\10\include\10.0.15063.0\shared\ntstatus.h(8936): warning C4005: 'STATUS_INVALID_CRUNTIME_PARAMETER': macro redefinition
  c:\program files (x86)\windows kits\10\include\10.0.15063.0\um\winnt.h(2392): note: see previous definition of 'STATUS_INVALID_CRUNTIME_PARAMETER'
c:\program files (x86)\windows kits\10\include\10.0.15063.0\shared\ntstatus.h(8999): warning C4005: 'STATUS_ASSERTION_FAILURE': macro redefinition
  c:\program files (x86)\windows kits\10\include\10.0.15063.0\um\winnt.h(2393): note: see previous definition of 'STATUS_ASSERTION_FAILURE'
c:\program files (x86)\windows kits\10\include\10.0.15063.0\shared\ntstatus.h(13622): warning C4005: 'STATUS_SXS_EARLY_DEACTIVATION': macro redefinition
  c:\program files (x86)\windows kits\10\include\10.0.15063.0\um\winnt.h(2395): note: see previous definition of 'STATUS_SXS_EARLY_DEACTIVATION'
c:\program files (x86)\windows kits\10\include\10.0.15063.0\shared\ntstatus.h(13631): warning C4005: 'STATUS_SXS_INVALID_DEACTIVATION': macro redefinition
  c:\program files (x86)\windows kits\10\include\10.0.15063.0\um\winnt.h(2396): note: see previous definition of 'STATUS_SXS_INVALID_DEACTIVATION'
c:\users\hung\desktop\khoa luan\working\project\threatmonitor\threatmonitor\svcchangenotify.cpp(17): warning C4091: 'typedef ': ignored on left of 'CALLBACK_CONTEXT' when no variable is declared
  RegQuery.cpp
c:\users\hung\desktop\khoa luan\working\project\threatmonitor\threatmonitor\regquery.cpp(87): warning C4267: 'argument': conversion from 'size_t' to 'int', possible loss of data
c:\users\hung\desktop\khoa luan\working\project\threatmonitor\threatmonitor\regquery.cpp(98): warning C4018: '<': signed/unsigned mismatch
c:\users\hung\desktop\khoa luan\working\project\threatmonitor\threatmonitor\regquery.cpp(146): warning C4018: '<': signed/unsigned mismatch
c:\users\hung\desktop\khoa luan\working\project\threatmonitor\threatmonitor\regquery.cpp(172): warning C4018: '>': signed/unsigned mismatch
c:\users\hung\desktop\khoa luan\working\project\threatmonitor\threatmonitor\regquery.cpp(170): warning C4477: 'wprintf' : format string '%s' requires an argument of type 'wchar_t *', but variadic argument 1 has type 'BYTE *'
  c:\users\hung\desktop\khoa luan\working\project\threatmonitor\threatmonitor\regquery.cpp(170): note: consider using '%hs' in the format string
  c:\users\hung\desktop\khoa luan\working\project\threatmonitor\threatmonitor\regquery.cpp(170): note: consider using '%Ts' in the format string
  c:\users\hung\desktop\khoa luan\working\project\threatmonitor\threatmonitor\regquery.cpp(170): note: this warning is based on non-standard semantics used by Visual C++
  Logging.cpp
c:\users\hung\desktop\khoa luan\working\project\threatmonitor\threatmonitor\logging.cpp(55): warning C4267: 'initializing': conversion from 'size_t' to 'DWORD', possible loss of data
  Generating Code...
  Compiling...
  ThreatMonitor.cpp
  Generating Code...
  ThreatMonitor.vcxproj -> C:\Users\Hung\Desktop\Khoa Luan\Working\Project\ThreatMonitor\x64\Debug\ThreatMonitor.exe
  ThreatMonitor.vcxproj -> C:\Users\Hung\Desktop\Khoa Luan\Working\Project\ThreatMonitor\x64\Debug\ThreatMonitor.pdb (Partial PDB)
