C:\Users\Binh1\Desktop\0::8b094155186700981934c2ddb53841f1
C:\Users\Binh1\Desktop\1.jpg::9aa35892290595afd0b89c19d80d9b2f
C:\Users\Binh1\Desktop\1.PNG::2d04e841a16b3d76e7989c313afdf640
C:\Users\Binh1\Desktop\123.txt::a8757d1605c008557c794994ee614c44
C:\Users\Binh1\Desktop\13520053_Báo cáo d? án nghiên c?u v? t?n công APT.docx::9dbae5f1b888223d4ef681e53e0561c1
C:\Users\Binh1\Desktop\135520053-An-Ninh-Nhân-S?.rar::e7a438b8fb3c94566efa30db43757321
C:\Users\Binh1\Desktop\18927205_2313874475504396_1664532194_o.jpg::dba85d44427b8b18bbec503f739d388c
C:\Users\Binh1\Desktop\aa::840695f0e316eac6bd4e42cca0787a1f
C:\Users\Binh1\Desktop\APT-Research.rar::75af9016ca75b8d6fc3be021dcc55dc9
C:\Users\Binh1\Desktop\B?o m?t h? th?ng d? li?u.xmind::38512e900df2fdd8b0f3ffc8bcfc281d
C:\Users\Binh1\Desktop\Capture.PNG::867a37999d5db569027ece2c8e47cdf7
C:\Users\Binh1\Desktop\CheckFile.ps1::c526d6432ff0b6d0c47d684fa1d61d85
C:\Users\Binh1\Desktop\cobaltstrike.exe.lnk::e42650cfddea29acbcd6aa19d77410c8
C:\Users\Binh1\Desktop\Dota 2.url::d322a9a54f37af115a57d8793a8589db
C:\Users\Binh1\Desktop\IDS-IPS.rar::daa5a08df9b93f1bc82b31fde09d90b7
C:\Users\Binh1\Desktop\KhoaLuan.docx::
C:\Users\Binh1\Desktop\KhoaLuan2.docx::
C:\Users\Binh1\Desktop\Reverse-SSH-Tunnel.png::f5f02cab744986bd8ef0fa0637bbaec2
C:\Users\Binh1\Desktop\rnNhdXH.gif::5474cfcc9b137eec80e2000f03de133b
C:\Users\Binh1\Desktop\Rà soát mã d?c h? th?ng theo phuong th?c phân tích d?ng.xmind::a4387c2060f597951760e8a91e37de9c
C:\Users\Binh1\Desktop\SyncCfg_v2.ps1::122079397d9518e332c0b779bcaa5e58
C:\Users\Binh1\Desktop\SyncCfg_v3.ps1::c526d6432ff0b6d0c47d684fa1d61d85
C:\Users\Binh1\Desktop\135520053-An-Ninh-Nhân-S?\APT-Ð?-án.docx::ccbfb974280b85d5c1a2fe1ef3735a44
C:\Users\Binh1\Desktop\135520053-An-Ninh-Nhân-S?\Do-an-APT.pptx::cfaf34a76ffb8f4422c2cd45b24a7ed1
C:\Users\Binh1\Desktop\135520053-An-Ninh-Nhân-S?\FullDemo.mp4::c73a48a9a0dafa742ee89cc5ff7742cc
C:\Users\Binh1\Desktop\APT-Research\resource\123.txt::c124fea3e0f3a08197f9d05b3a89b4fd
C:\Users\Binh1\Desktop\APT-Research\resource\Invoke-Brute.psm1::2a60c4865ce49b5ce7b8df18547bf0fb
C:\Users\Binh1\Desktop\APT-Research\resource\Invoke-EventLog.psm1::b847d20d0ee4443391f572194a91804f
C:\Users\Binh1\Desktop\APT-Research\resource\Invoke-File.psm1::ac088cca83c3209c929ecbffe14fb037
C:\Users\Binh1\Desktop\APT-Research\resource\Invoke-MemoryDump.ps1::2b3f24d8e4feed20cf24bb5e72a9c8e1
C:\Users\Binh1\Desktop\APT-Research\resource\Invoke-MemoryDump.psm1::2b3f24d8e4feed20cf24bb5e72a9c8e1
C:\Users\Binh1\Desktop\APT-Research\resource\Invoke-NetworkAnalysis.ps1::b720de5febc64b60f6fb4a3fbb6b3b9f
C:\Users\Binh1\Desktop\APT-Research\resource\Invoke-NetworkAnalysis.psm1::cea01034d73bc3abe67c8cdc273eff08
C:\Users\Binh1\Desktop\APT-Research\resource\Invoke-NetworkRecon.psm1::804b548a9fdb69116c86bf336365cdf1
C:\Users\Binh1\Desktop\APT-Research\resource\Invoke-Port.psm1::f9f4719e0f12dcaff93ce4fa29b675a4
C:\Users\Binh1\Desktop\APT-Research\resource\Invoke-Process.psm1::66ba8b2426cbf51158aec15e1e82c667
C:\Users\Binh1\Desktop\APT-Research\resource\Invoke-Registry.psm1::59d9be22230f554756d61dea3b3c257b
C:\Users\Binh1\Desktop\APT-Research\resource\Invoke-ScheduledTask.psm1::c7527eaf41f3d8760af768d85f779676
C:\Users\Binh1\Desktop\APT-Research\resource\Invoke-Service.psm1::96b95c5f19eb1ea3e350ac9bec6e59ee
C:\Users\Binh1\Desktop\APT-Research\resource\Invoke-Trap.psm1::d5807532c32a73bdfcc61687f568747b
C:\Users\Binh1\Desktop\APT-Research\resource\Invoke-TrustHash.psm1::2db80877f915420a39f2f47653d57beb
C:\Users\Binh1\Desktop\APT-Research\resource\Invoke-Virustotal.psm1::2ab631c160e5c1524c0d48d37f5e68ee
C:\Users\Binh1\Desktop\APT-Research\resource\Invoke-Webshell.psm1::69fec3c188e471e96bae950584d89b01
C:\Users\Binh1\Desktop\APT-Research\resource\NULL::6434847b8a0ec52ebe1e20a86c8117e6
C:\Users\Binh1\Desktop\APT-Research\resource\Sentry.ps1::176d0652e8f1140544ef28e7ed8aa2af
C:\Users\Binh1\Desktop\APT-Research\resource\tmp.ps1::471513a0c3feb4de072b95088a1d6c54
C:\Users\Binh1\Desktop\APT-Research\resource\tmp1.ps1::57ef64ae1e1a2347780e7e2a37250bfb
C:\Users\Binh1\Desktop\APT-Research\resource\tmp2.ps1::070f5e5f4006cbc3a5af613c682a73ca
C:\Users\Binh1\Desktop\APT-Research\resource\log\HashFile_Check.log::e803c41fbccbbbec76d0f7b96c63369e
C:\Users\Binh1\Desktop\APT-Research\resource\log\HashFile_New.log::76f0c610795f95281ee7b757779c5bdd
C:\Users\Binh1\Desktop\APT-Research\resource\log\Invoke-Brute_Report.xlsx::97a04c755a41c74cb6eaa3ecd135f920
C:\Users\Binh1\Desktop\APT-Research\resource\log\Invoke-EventLog_Report.xlsx::be9946983a2dbcce547a4feba492a38a
C:\Users\Binh1\Desktop\APT-Research\resource\log\Invoke-File_Report.xlsx::d41d8cd98f00b204e9800998ecf8427e
C:\Users\Binh1\Desktop\APT-Research\resource\log\Invoke-Port_Report.xlsx::8f24de82b8c404496df7e222434b44fe
C:\Users\Binh1\Desktop\APT-Research\resource\log\Invoke-Process_Report.xlsx::1b54fbee985cfbf6552d32c0436d7e4f
C:\Users\Binh1\Desktop\APT-Research\resource\log\Invoke-Registry_Report.xlsx::85f6a4aec75727d96a47a25d025ea7b7
C:\Users\Binh1\Desktop\APT-Research\resource\log\Invoke-ScheduledTask_Report.xlsx::335e190c8d04d783b692e055a3204cf7
C:\Users\Binh1\Desktop\APT-Research\resource\log\Invoke-Service_Analysis.xlsx::d41d8cd98f00b204e9800998ecf8427e
C:\Users\Binh1\Desktop\APT-Research\resource\log\Invoke-Service_Report.xlsx::9a25bcfd4fdb77ee52440107367e877a
C:\Users\Binh1\Desktop\APT-Research\resource\log\ScheduledTask_Analysis.xlsx::d41d8cd98f00b204e9800998ecf8427e
C:\Users\Binh1\Desktop\APT-Research\tmp\BuildLog.ps1::fcd96c358b03f63ed695ab77b5d29535
C:\Users\Binh1\Desktop\APT-Research\tmp\CheckHash.ps1::c526d6432ff0b6d0c47d684fa1d61d85
C:\Users\Binh1\Desktop\APT-Research\tmp\Get-MemoryDump.ps1::729ae6c4bb9ab9b54d3869e1a8748e5b
C:\Users\Binh1\Desktop\APT-Research\tmp\Get-VirusTotalReport.ps1::f8875f1628a50e78a4a80296d210cae3
C:\Users\Binh1\Desktop\APT-Research\tmp\HashFile_Check.log::95c88f55390e6623061ba31d413ecc1f
C:\Users\Binh1\Desktop\APT-Research\tmp\HashFile_New.log::cc3826d78455ab9b1d5cd264d12d10b3
C:\Users\Binh1\Desktop\APT-Research\tmp\Invoke-ScheduledTask.ps1::05c29aa3df52011e7f3b75588f87c247
C:\Users\Binh1\Desktop\APT-Research\tmp\Posh-VirusTotal-master.zip::1161ba147f3059cd81aea839fb7ec0e7
C:\Users\Binh1\Desktop\APT-Research\tmp\Posh-VirusTotal-master\LICENSE.txt::c99a94f62b614902609347295116b039
C:\Users\Binh1\Desktop\APT-Research\tmp\Posh-VirusTotal-master\Posh-VirusTotal.psd1::165bab7a8a28a6a66400d48e5dd863ea
C:\Users\Binh1\Desktop\APT-Research\tmp\Posh-VirusTotal-master\Posh-VirusTotal.psm1::80e4ec47a5e0192600b9fb2c54396532
C:\Users\Binh1\Desktop\APT-Research\tmp\Posh-VirusTotal-master\README.md::13d64c6a71809608c3b7ef6aff707926
C:\Users\Binh1\Desktop\APT-Research\tmp\Posh-VirusTotal-master\en-US\Posh-VirusTotal.Help.xml::4a6bb2e2561393e78ea827dcc1d2339a
C:\Users\Binh1\Desktop\APT-Research\tmp\Posh-VirusTotal-master\en-US\Posh-VirusTotal.supports.xml::ef166f74f6a8241de5baa692f07a5a4e
C:\Users\Binh1\Desktop\Himura-master-d4fa4aa3dffc41f498c48961f0af83c56f0143fd\Himura.cna::369d0e57dbcde395efbe8584dfe58d8a
C:\Users\Binh1\Desktop\Himura-master-d4fa4aa3dffc41f498c48961f0af83c56f0143fd\README.MD::c294d26433d8fab84d9bf15d0fbc1b23
C:\Users\Binh1\Desktop\Himura-master-d4fa4aa3dffc41f498c48961f0af83c56f0143fd\Data\Executables.txt::e7bfb40c686ce3879cb5f42aa7b276d9
C:\Users\Binh1\Desktop\Himura-master-d4fa4aa3dffc41f498c48961f0af83c56f0143fd\Data\Group.txt::d41d8cd98f00b204e9800998ecf8427e
C:\Users\Binh1\Desktop\Himura-master-d4fa4aa3dffc41f498c48961f0af83c56f0143fd\Data\HTML\Example.html::91a2be64fbd348876e9075ac52f65389
C:\Users\Binh1\Desktop\Himura-master-d4fa4aa3dffc41f498c48961f0af83c56f0143fd\Data\HTML\style\computer.png::5667567b742cfb56006b19fd174a8b80
C:\Users\Binh1\Desktop\Himura-master-d4fa4aa3dffc41f498c48961f0af83c56f0143fd\Data\HTML\style\document.png::b233dbc966fbe5e78604bcd1ae562249
C:\Users\Binh1\Desktop\Himura-master-d4fa4aa3dffc41f498c48961f0af83c56f0143fd\Data\HTML\style\folder-horizontal.png::c3be4846cc1c7eae636df0f061960463
C:\Users\Binh1\Desktop\Himura-master-d4fa4aa3dffc41f498c48961f0af83c56f0143fd\Data\HTML\style\info.png::12561d99b94ce979ba24c28b52d31ada
C:\Users\Binh1\Desktop\Himura-master-d4fa4aa3dffc41f498c48961f0af83c56f0143fd\Data\HTML\style\spoiler.js::73a9c334c5ca71d70d092b42064f6476
C:\Users\Binh1\Desktop\Himura-master-d4fa4aa3dffc41f498c48961f0af83c56f0143fd\Data\HTML\style\toggle-small-expand.png::a21c3a7268a853335a7dae313cde2ac7
C:\Users\Binh1\Desktop\Himura-master-d4fa4aa3dffc41f498c48961f0af83c56f0143fd\Data\HTML\style\toggle-small.png::98f5e4d1522846db289d3cafeb9ee7bb
C:\Users\Binh1\Desktop\Himura-master-d4fa4aa3dffc41f498c48961f0af83c56f0143fd\Data\HTML\style\user.png::84a138c53248eb59c46f22a1c677909b
C:\Users\Binh1\Desktop\Himura-master-d4fa4aa3dffc41f498c48961f0af83c56f0143fd\Data\HTML\style\user1.png::80677320c97e338720f77ee309ffe8d6
C:\Users\Binh1\Desktop\Himura-master-d4fa4aa3dffc41f498c48961f0af83c56f0143fd\Data\HTML\style\_styles.css::c33ce3f947948df1a16a4b790ba31de7
C:\Users\Binh1\Desktop\Himura-master-d4fa4aa3dffc41f498c48961f0af83c56f0143fd\Data\Third-Party\Get-GPPPassword.ps1::69b96469b5f465d19793bfc4c975b372
C:\Users\Binh1\Desktop\Himura-master-d4fa4aa3dffc41f498c48961f0af83c56f0143fd\Data\Third-Party\Get-MSSQLCredentialPasswords.psm1::e9ac1172a502a572cd3d0e5327d4e78f
C:\Users\Binh1\Desktop\Himura-master-d4fa4aa3dffc41f498c48961f0af83c56f0143fd\Data\Third-Party\Get-MSSQLLinkPasswords.psm1::92ebad0ae81e960126c828318827c2cb
C:\Users\Binh1\Desktop\Himura-master-d4fa4aa3dffc41f498c48961f0af83c56f0143fd\Data\Third-Party\Invoke-MS16032.ps1::a63c52d46cb33e57f1f17beaa733ea65
C:\Users\Binh1\Desktop\Himura-master-d4fa4aa3dffc41f498c48961f0af83c56f0143fd\Data\Third-Party\Invoke-Tater.ps1::fba84081352110029e59b515ee1933db
C:\Users\Binh1\Desktop\Himura-master-d4fa4aa3dffc41f498c48961f0af83c56f0143fd\Data\Third-Party\nbt.exe::f01a9a2d1e31332ed36c1a4d2839f412
C:\Users\Binh1\Desktop\Himura-master-d4fa4aa3dffc41f498c48961f0af83c56f0143fd\Data\Third-Party\PowerView.ps1::07fa43e5d7c6e1cdf8540263ba62fd4c
C:\Users\Binh1\Desktop\Himura-master-d4fa4aa3dffc41f498c48961f0af83c56f0143fd\Data\Third-Party\rar.exe::35bb768e6ee6c8a1462e11cf0be2a9f9
C:\Users\Binh1\Desktop\Himura-master-d4fa4aa3dffc41f498c48961f0af83c56f0143fd\Data\Trick\Trick.ps1::caa6fcfacf1291a3e40e82cf885d7b72
C:\Users\Binh1\Desktop\Himura-master-d4fa4aa3dffc41f498c48961f0af83c56f0143fd\Powershell\Exploit\Exploit-JBoss.ps1::711444990eee8861f635b161137eaeed
C:\Users\Binh1\Desktop\Himura-master-d4fa4aa3dffc41f498c48961f0af83c56f0143fd\Powershell\Exploit\Exploit-Jenkins.ps1::4a1073afdf3e86ab75cd9a80be3363f7
C:\Users\Binh1\Desktop\Himura-master-d4fa4aa3dffc41f498c48961f0af83c56f0143fd\Powershell\Lateral\MSSQL.ps1::c127f6cd5e6e5694fbbeaf2fcf1f6cdc
C:\Users\Binh1\Desktop\Himura-master-d4fa4aa3dffc41f498c48961f0af83c56f0143fd\Powershell\Lateral\PassTheHash.ps1::372e90c748be31e9e3462d626423fdb6
C:\Users\Binh1\Desktop\Himura-master-d4fa4aa3dffc41f498c48961f0af83c56f0143fd\Powershell\Lateral\Psexec.ps1::6127a42c4e731512ce2a03a0964c6c09
C:\Users\Binh1\Desktop\Himura-master-d4fa4aa3dffc41f498c48961f0af83c56f0143fd\Powershell\Lateral\Wmic.ps1::508b1c529dce93af347e55e1c3a58687
C:\Users\Binh1\Desktop\Himura-master-d4fa4aa3dffc41f498c48961f0af83c56f0143fd\Powershell\Persistence\Persistence_Sched_Command.ps1::6750697822cb5850f52a8203403ce48a
C:\Users\Binh1\Desktop\Himura-master-d4fa4aa3dffc41f498c48961f0af83c56f0143fd\Powershell\Persistence\Persistence_Sched_File.ps1::85ce887e68a9e3ff1161b14900ca2d5d
C:\Users\Binh1\Desktop\Himura-master-d4fa4aa3dffc41f498c48961f0af83c56f0143fd\Powershell\Persistence\Persistence_Sched_Fileless.ps1::87ac9df7ba7df93434bc25b2e8e0af8b
C:\Users\Binh1\Desktop\Himura-master-d4fa4aa3dffc41f498c48961f0af83c56f0143fd\Powershell\Persistence\Persistence_Sched_Msbuild.ps1::32f544c0a4128db9728518844153851b
C:\Users\Binh1\Desktop\Himura-master-d4fa4aa3dffc41f498c48961f0af83c56f0143fd\Powershell\Persistence\Persistence_Serv_Command.ps1::e5a77fb20c4a07f81fe2658f41001b55
C:\Users\Binh1\Desktop\Himura-master-d4fa4aa3dffc41f498c48961f0af83c56f0143fd\Powershell\Persistence\Persistence_Serv_File.ps1::3bf0a67bd5e9e28da534cbb3ba877acb
C:\Users\Binh1\Desktop\Himura-master-d4fa4aa3dffc41f498c48961f0af83c56f0143fd\Powershell\Persistence\Persistence_Serv_Filess.ps1::0c0db1ae5d027d0052962cd58199ea66
C:\Users\Binh1\Desktop\Himura-master-d4fa4aa3dffc41f498c48961f0af83c56f0143fd\Powershell\Persistence\Persistence_Serv_Msbuild.ps1::25046f27b4e9b601b71a69150dccb030
C:\Users\Binh1\Desktop\Himura-master-d4fa4aa3dffc41f498c48961f0af83c56f0143fd\Powershell\Persistence\U_MasterBVNB.ps1::cb149f31f55de937dc37113c58427efd
C:\Users\Binh1\Desktop\Himura-master-d4fa4aa3dffc41f498c48961f0af83c56f0143fd\Powershell\Persistence\U_MasterTH.ps1::07f9ee477c1c9b477c9ea8c14b4ddd24
C:\Users\Binh1\Desktop\Himura-master-d4fa4aa3dffc41f498c48961f0af83c56f0143fd\Powershell\Privilege\Invoke-AppPathBypass.ps1::cb8eb3cc5e7f3588513195e140361a98
C:\Users\Binh1\Desktop\Himura-master-d4fa4aa3dffc41f498c48961f0af83c56f0143fd\Powershell\Privilege\Invoke-EventVwrBypass.ps1::0fa71b289f97376196fa55966828a291
C:\Users\Binh1\Desktop\Himura-master-d4fa4aa3dffc41f498c48961f0af83c56f0143fd\Powershell\Privilege\Invoke-SDCLTBypass.ps1::b99001c1b1714fe40e4187500bcef0e3
C:\Users\Binh1\Desktop\Himura-master-d4fa4aa3dffc41f498c48961f0af83c56f0143fd\Powershell\Privilege\PowerUp.ps1::c15fbebe367af9695f8262d319c45bfa
C:\Users\Binh1\Desktop\Himura-master-d4fa4aa3dffc41f498c48961f0af83c56f0143fd\Powershell\Privilege\Privilege.ps1::1783d498c8a1c144f3d366ab81a277dc
C:\Users\Binh1\Desktop\Himura-master-d4fa4aa3dffc41f498c48961f0af83c56f0143fd\Powershell\Privilege\README.MD::0021a31a3cf78df1cdc050f47fb3726d
C:\Users\Binh1\Desktop\Himura-master-d4fa4aa3dffc41f498c48961f0af83c56f0143fd\Powershell\Privilege\CVE-2016-7255\CVE-2016-7255.exe::f1ac1c248e5e0346ea89616ce70f6d26
C:\Users\Binh1\Desktop\Himura-master-d4fa4aa3dffc41f498c48961f0af83c56f0143fd\Powershell\Privilege\CVE-2016-7255\Readme.txt::672e531b3b334b785203a82f8799d5b8
C:\Users\Binh1\Desktop\Himura-master-d4fa4aa3dffc41f498c48961f0af83c56f0143fd\Powershell\Recon\AD\ActiveDirectory.ps1::fe05ca56cceee1b91ac3dcb76a42cbe5
C:\Users\Binh1\Desktop\Himura-master-d4fa4aa3dffc41f498c48961f0af83c56f0143fd\Powershell\Recon\AD\MailExchange.ps1::6b333a73863e3daf277f37855e360df6
C:\Users\Binh1\Desktop\Himura-master-d4fa4aa3dffc41f498c48961f0af83c56f0143fd\Powershell\Recon\Browser\360cse.ps1::7dfb64d3d105556e904cd8a49496f037
C:\Users\Binh1\Desktop\Himura-master-d4fa4aa3dffc41f498c48961f0af83c56f0143fd\Powershell\Recon\Browser\360cse_x64.ps1::6b599dbf14111e4de4ae00d708504bea
C:\Users\Binh1\Desktop\Himura-master-d4fa4aa3dffc41f498c48961f0af83c56f0143fd\Powershell\Recon\Browser\360se.ps1::e7c005745969a9227a517a33c61ae5fe
C:\Users\Binh1\Desktop\Himura-master-d4fa4aa3dffc41f498c48961f0af83c56f0143fd\Powershell\Recon\Browser\360se_x64.ps1::1c7aefb52e440b0ddc7a8920ce7ccd6c
C:\Users\Binh1\Desktop\Himura-master-d4fa4aa3dffc41f498c48961f0af83c56f0143fd\Powershell\Recon\Browser\Browser.ps1::780d6c5cb7408de4327eae825e52776b
C:\Users\Binh1\Desktop\Himura-master-d4fa4aa3dffc41f498c48961f0af83c56f0143fd\Powershell\Recon\Browser\Chrome.ps1::9369e91ecb9532b4251cba46dca9135f
C:\Users\Binh1\Desktop\Himura-master-d4fa4aa3dffc41f498c48961f0af83c56f0143fd\Powershell\Recon\Browser\Chrome_x64.ps1::caae2192740b430259d56c667ba697a7
C:\Users\Binh1\Desktop\Himura-master-d4fa4aa3dffc41f498c48961f0af83c56f0143fd\Powershell\Recon\Browser\CocCoc.ps1::403f007ab797ce6bbdec6af05725a186
C:\Users\Binh1\Desktop\Himura-master-d4fa4aa3dffc41f498c48961f0af83c56f0143fd\Powershell\Recon\Browser\CocCoc_x64.ps1::f3b1ff574670bfa14170679d9e4727b2
C:\Users\Binh1\Desktop\Himura-master-d4fa4aa3dffc41f498c48961f0af83c56f0143fd\Powershell\Recon\Browser\Firefox.ps1::608695ff1b6548a65cae9d9e52885a4c
C:\Users\Binh1\Desktop\Himura-master-d4fa4aa3dffc41f498c48961f0af83c56f0143fd\Powershell\Recon\Browser\IE.ps1::608695ff1b6548a65cae9d9e52885a4c
C:\Users\Binh1\Desktop\Himura-master-d4fa4aa3dffc41f498c48961f0af83c56f0143fd\Powershell\Recon\Browser\QQ.ps1::74a919ff018c69b7c07f2b6a1986c945
C:\Users\Binh1\Desktop\Himura-master-d4fa4aa3dffc41f498c48961f0af83c56f0143fd\Powershell\Recon\Browser\QQ_x64.ps1::ed1c95247ae490de4efd516677d5ea54
C:\Users\Binh1\Desktop\Himura-master-d4fa4aa3dffc41f498c48961f0af83c56f0143fd\Powershell\Recon\Bruter\BruteFTP.ps1::443abbdce1ef43e9a298843773cad532
C:\Users\Binh1\Desktop\Himura-master-d4fa4aa3dffc41f498c48961f0af83c56f0143fd\Powershell\Recon\Bruter\BruteHTTP.ps1::d87c8ee9ab720617500c7630210edb25
C:\Users\Binh1\Desktop\Himura-master-d4fa4aa3dffc41f498c48961f0af83c56f0143fd\Powershell\Recon\Bruter\BruteMSSQL.ps1::e92449b80a8d2f6ea7df88bd14ada01a
C:\Users\Binh1\Desktop\Himura-master-d4fa4aa3dffc41f498c48961f0af83c56f0143fd\Powershell\Recon\Bruter\BruteMySQL.ps1::7f29521e58873d4d09db287968d9947f
C:\Users\Binh1\Desktop\Himura-master-d4fa4aa3dffc41f498c48961f0af83c56f0143fd\Powershell\Recon\Bruter\BruteOracle.ps1::608695ff1b6548a65cae9d9e52885a4c
C:\Users\Binh1\Desktop\Himura-master-d4fa4aa3dffc41f498c48961f0af83c56f0143fd\Powershell\Recon\Bruter\BruteRDP.ps1::608695ff1b6548a65cae9d9e52885a4c
C:\Users\Binh1\Desktop\Himura-master-d4fa4aa3dffc41f498c48961f0af83c56f0143fd\Powershell\Recon\Bruter\BruteSMB.ps1::bcee1789146e66ccdc53d3fd78df8c65
C:\Users\Binh1\Desktop\Himura-master-d4fa4aa3dffc41f498c48961f0af83c56f0143fd\Powershell\Recon\Bruter\BruteSSH.ps1::5d86746395de5a50d812b461fe6d9d31
C:\Users\Binh1\Desktop\Himura-master-d4fa4aa3dffc41f498c48961f0af83c56f0143fd\Powershell\Recon\Bruter\BruteVNC.ps1::ce76973f68830cbac1fdbef5e640f441
C:\Users\Binh1\Desktop\Himura-master-d4fa4aa3dffc41f498c48961f0af83c56f0143fd\Powershell\Recon\Credential\Get-GPPPassword.ps1::69b96469b5f465d19793bfc4c975b372
C:\Users\Binh1\Desktop\Himura-master-d4fa4aa3dffc41f498c48961f0af83c56f0143fd\Powershell\Recon\Credential\GoldenTicket.ps1::6b7140eae05cb47aff467596542767e5
C:\Users\Binh1\Desktop\Himura-master-d4fa4aa3dffc41f498c48961f0af83c56f0143fd\Powershell\Recon\Credential\HashDump.ps1::c7253d34a7c536f512a57b189e184f02
C:\Users\Binh1\Desktop\Himura-master-d4fa4aa3dffc41f498c48961f0af83c56f0143fd\Powershell\Recon\Credential\Invoke-Mimikittenz.ps1::53094eabe4ea2d17176896078a34da63
C:\Users\Binh1\Desktop\Himura-master-d4fa4aa3dffc41f498c48961f0af83c56f0143fd\Powershell\Recon\Credential\NtdsHashDump.ps1::654e18df4eb7871fa8b6bfb24e247dd9
C:\Users\Binh1\Desktop\Himura-master-d4fa4aa3dffc41f498c48961f0af83c56f0143fd\Powershell\Recon\Credential\U_LsaHashDump.ps1::f9cfe336526a7d1f6840c27d9777552d
C:\Users\Binh1\Desktop\Himura-master-d4fa4aa3dffc41f498c48961f0af83c56f0143fd\Powershell\Recon\Credential\U_RdpPassword.ps1::ac939d7677021cec8555f4ad03b60f73
C:\Users\Binh1\Desktop\Himura-master-d4fa4aa3dffc41f498c48961f0af83c56f0143fd\Powershell\Recon\Local\Recon.ps1::608695ff1b6548a65cae9d9e52885a4c
C:\Users\Binh1\Desktop\Himura-master-d4fa4aa3dffc41f498c48961f0af83c56f0143fd\Powershell\Recon\Local\Utilities.ps1::9f002f97282ea42a871ee4eeb1b4ace0
C:\Users\Binh1\Desktop\Himura-master-d4fa4aa3dffc41f498c48961f0af83c56f0143fd\Powershell\Recon\Scanner\Scanner.ps1::1970067e3fd58d7dc1de306e1147ea5d
C:\Users\Binh1\Desktop\IDS-IPS\APT-Ð?-án.docx::da93ea8d1c42434e7dfd757610c41c9a
C:\Users\Binh1\Desktop\IDS-IPS\Do-an-APT.pptx::2cfb580a330a360b3b1c2fa5cfcdc1a4
C:\Users\Binh1\Desktop\IDS-IPS\FullDemo.mp4::c73a48a9a0dafa742ee89cc5ff7742cc
C:\Users\Binh1\Desktop\IDS-IPS\IDS-IPS report.pptx::992ee4b9f9f21f3a25b1e75a91f91be0
C:\Users\Binh1\Desktop\IDS-IPS\source\Generate-Macro-master.zip::60fc0e2d9c0ae53d6230f721c85a2103
C:\Users\Binh1\Desktop\IDS-IPS\source\inject-macro-master.zip::9b625c2929757c0b3d1f875acd40acaa
C:\Users\Binh1\Desktop\IDS-IPS\source\Psychson-master.zip::378f7c525f1a5a879ffb651d9dff9943
C:\Users\Binh1\Desktop\IDS-IPS\source\ReflectiveDLLInjection-master.zip::fa75c3167cd596d6a01c823495cc1002
C:\Users\Binh1\Desktop\IDS-IPS\source\twittor-master.zip::46511e49f3b3befef33d5a598050d87b
